[steal.lol/index.html]
[steal.lol/assets/js/ruffle.js]
[backblue.gif]
[fade.gif]
[index.html]
[steal.lol/assets/css/cosmo.css]
[steal.lol/assets/css/anim.css]
[steal.lol/assets/css/style.css]
[steal.lol/assets/css/vile.css]
[steal.lol/assets/media/favicon.gif]
[steal.lol/assets/media/angelina_kapllani.png]
[steal.lol/yosef.html]
[steal.lol/visual.html]
[steal.lol/kman.html]
[steal.lol/assets/media/vile.mp3]
[steal.lol/assets/js/audio.js]
[steal.lol/assets/js/sparkle.js]
[steal.lol/assets/js/disable_inspect.js]
[steal.lol/index.html]
[steal.lol/assets/css/cosmo.css]
[steal.lol/assets/css/anim.css]
[steal.lol/assets/css/style.css]
[steal.lol/web/20220823031411im_/https_/vile.sh/assets/vile.css]
[steal.lol/assets/css/vile.css]
[steal.lol/assets/font-awesome-4.7.0/css/font-awesome.min.css]
[steal.lol/assets/media/profiles/Yosef/yo.mp4]
[steal.lol/assets/media/profiles/Yosef/yosefpfp.webp]
[steal.lol/assets/media/profiles/Yosef/yo.mp3]
[steal.lol/yosef.html]
[steal.lol/assets/media/profiles/Visual/visvid.mp4]
[steal.lol/assets/media/profiles/Visual/dwas.gif]
[steal.lol/assets/media/profiles/Visual/ellene.mp3]
[steal.lol/visual.html]
[steal.lol/assets/media/profiles/Kman/Kman.qt]
[steal.lol/assets/media/profiles/Kman/kman.png]
[steal.lol/assets/media/profiles/Kman/Kman.mp3]
[steal.lol/kman.html]
[steal.lol/web/20220823031411im_/https_/vile.sh/assets/vile.html]
[steal.lol/assets/font-awesome-4.7.0/fonts/fontawesome-webfont3e6e.eot]
[steal.lol/assets/font-awesome-4.7.0/css/font-awesome.min.css]
[steal.lol/assets/font-awesome-4.7.0/fonts/fontawesome-webfontd41d.html]
